[00:01:32] [Server thread/INFO]: [salgeron: Gave 1 [Water Bucket] to salgeron]
[00:02:20] [Server thread/ERROR]: POI data mismatch: already registered at class_2338{x=-688, y=-27, z=1056}
[00:02:20] [Worker-Main-3/WARN]: Tried to access a block entity before it was created. class_2338{x=-679, y=70, z=876}
[00:02:20] [Worker-Main-3/WARN]: Tried to access a block entity before it was created. class_2338{x=-679, y=70, z=876}
[00:02:54] [Server thread/ERROR]: POI data mismatch: already registered at class_2338{x=-751, y=7, z=953}
[00:02:54] [Server thread/ERROR]: POI data mismatch: already registered at class_2338{x=-746, y=12, z=1041}
[00:02:54] [Server thread/ERROR]: POI data mismatch: already registered at class_2338{x=-747, y=12, z=1041}
[00:03:13] [Server thread/INFO]: [salgeron: Successfully filled 24 block(s)]
[00:03:29] [Server thread/ERROR]: POI data mismatch: already registered at class_2338{x=-748, y=12, z=834}
[00:03:29] [Server thread/INFO]: [salgeron: Successfully filled 66 block(s)]
[00:05:06] [Server thread/INFO]: [salgeron: Successfully filled 425 block(s)]
[00:05:18] [Server thread/INFO]: <Irinasan24> NI IDEA
[00:05:35] [Server thread/INFO]: [salgeron: Successfully filled 98 block(s)]
[00:06:22] [Server thread/INFO]: [salgeron: Gave 1 [Glowstone] to salgeron]
[00:06:43] [Server thread/INFO]: [salgeron: Successfully filled 99 block(s)]
[00:06:47] [pool-11-thread-3/INFO]: Searching for closest structure among [ResourceKey[minecraft:worldgen/structure / minecraft:village_desert], ResourceKey[minecraft:worldgen/structure / ctov:medium/village_savanna], ResourceKey[minecraft:worldgen/structure / towns_and_towers:exclusives/village_swedish], ResourceKey[minecraft:worldgen/structure / ctov:small/village_underground], ResourceKey[minecraft:worldgen/structure / ctov:small/village_mushroom], ResourceKey[minecraft:worldgen/structure / ctov:small/village_snowy], ResourceKey[minecraft:worldgen/structure / towns_and_towers:village_mushroom_fields], ResourceKey[minecraft:worldgen/structure / ctov:medium/village_dark_forest]] from pos class_2338{x=-587, y=67, z=1349}
[00:06:50] [Server thread/WARN]: Can't keep up! Is the server overloaded? Running 2949ms or 58 ticks behind
[00:07:07] [Server thread/INFO]: [salgeron: Successfully filled 2 block(s)]
[00:07:43] [Server thread/INFO]: [salgeron: Successfully filled 749 block(s)]
[00:07:46] [Server thread/INFO]: [salgeron: Successfully filled 495 block(s)]
[00:08:18] [Server thread/INFO]: [Irinasan24: Teleported Irinasan24 to -737.500000, 90.500000, 1314.500000]
[00:08:54] [Server thread/INFO]: [salgeron: Successfully filled 167 block(s)]
[00:10:37] [Server thread/INFO]: [Irinasan24: Teleported Irinasan24 to -664.500000, 68.500000, 1349.500000]
[00:10:43] [Server thread/INFO]: [Irinasan24: Teleported Irinasan24 to -676.500000, 68.500000, 1375.500000]
[00:11:16] [Server thread/INFO]: [Irinasan24: Teleported Irinasan24 to -454.500000, 66.500000, 609.500000]
[00:12:33] [Server thread/INFO]: <Irinasan24> si
[00:12:40] [Server thread/INFO]: [salgeron: Teleported Irinasan24 to salgeron]
[00:13:28] [Server thread/INFO]: <Irinasan24> y esos cofres
[00:14:54] [Server thread/INFO]: <Irinasan24> no salen
[00:15:47] [Server thread/INFO]: [Irinasan24: Teleported Irinasan24 to -409.500000, 57.500000, 688.500000]
[00:16:13] [Server thread/INFO]: [Irinasan24: Teleported Irinasan24 to salgeron]
[00:16:21] [Server thread/INFO]: [salgeron: Set own game mode to Spectator Mode]
[00:16:45] [Server thread/INFO]: [salgeron: Set own game mode to Creative Mode]
[00:20:25] [Server thread/INFO]: [Irinasan24: Teleported Irinasan24 to -325.500000, 63.500000, 584.500000]
[00:21:01] [Server thread/INFO]: [salgeron: Teleported salgeron to 208.500000, 64.500000, 718.500000]
[00:21:08] [Server thread/INFO]: [Irinasan24: Teleported Irinasan24 to 266.500000, 70.500000, 710.500000]
[00:34:47] [Server thread/INFO]: <Irinasan24> mor
[00:35:01] [Server thread/INFO]: <Irinasan24> que haces
[00:35:15] [Server thread/INFO]: <Irinasan24> no estas con mine
[00:35:35] [Server thread/INFO]: <Irinasan24> termino con esta runa y lo cerramos
[00:37:47] [Server thread/INFO]: Irinasan24 lost connection: Disconnected
[00:37:47] [Server thread/INFO]: Irinasan24 left the game
[00:37:47] [Server thread/INFO]: remove player wand
[00:37:47] [Server thread/INFO]: Updating all forceload tickets for 5bc2bfbc-6b17-3d30-9640-70539117a0c8
[00:37:47] [Server thread/WARN]: handleDisconnection() called twice
[00:37:56] [Server thread/INFO]: salgeron lost connection: Disconnected
[00:37:56] [Server thread/INFO]: salgeron left the game
[00:37:56] [Server thread/INFO]: remove player wand
[00:37:56] [Server thread/INFO]: Updating all forceload tickets for 663f09f8-c41e-3225-bf34-9f23beefdec5
